Q:\JNUEZ16\CS172\FINAL_PROJECT\ISLAND3\ISLAND3\DEBUG\ISLAND3.PCH
Q:\JNUEZ16\CS172\FINAL_PROJECT\ISLAND3\ISLAND3\DEBUG\STDAFX.OBJ
Q:\JNUEZ16\CS172\FINAL_PROJECT\ISLAND3\ISLAND3\DEBUG\VC110.PDB
Q:\JNUEZ16\CS172\FINAL_PROJECT\ISLAND3\ISLAND3\DEBUG\ANIMALS.OBJ
Q:\JNUEZ16\CS172\FINAL_PROJECT\ISLAND3\ISLAND3\DEBUG\ISLANDMGR.OBJ
Q:\JNUEZ16\CS172\FINAL_PROJECT\ISLAND3\ISLAND3\DEBUG\PLAYER.OBJ
Q:\JNUEZ16\CS172\FINAL_PROJECT\ISLAND3\ISLAND3\DEBUG\PREDATOR.OBJ
Q:\JNUEZ16\CS172\FINAL_PROJECT\ISLAND3\ISLAND3\DEBUG\PREY.OBJ
Q:\JNUEZ16\CS172\FINAL_PROJECT\ISLAND3\ISLAND3\DEBUG\TILE.OBJ
Q:\jnuez16\CS172\FINAL_PROJECT\Island3\Island3\Debug\Animals.obj
Q:\jnuez16\CS172\FINAL_PROJECT\Island3\Island3\Debug\islandMgr.obj
Q:\jnuez16\CS172\FINAL_PROJECT\Island3\Island3\Debug\Player.obj
Q:\jnuez16\CS172\FINAL_PROJECT\Island3\Island3\Debug\Predator.obj
Q:\jnuez16\CS172\FINAL_PROJECT\Island3\Island3\Debug\Prey.obj
Q:\jnuez16\CS172\FINAL_PROJECT\Island3\Island3\Debug\stdafx.obj
Q:\jnuez16\CS172\FINAL_PROJECT\Island3\Island3\Debug\Tile.obj
Q:\jnuez16\CS172\FINAL_PROJECT\Island3\Island3\Debug\cl.command.1.tlog
Q:\jnuez16\CS172\FINAL_PROJECT\Island3\Island3\Debug\CL.read.1.tlog
Q:\jnuez16\CS172\FINAL_PROJECT\Island3\Island3\Debug\CL.write.1.tlog
Q:\jnuez16\CS172\FINAL_PROJECT\Island3\Island3\Debug\Island3.pch
Q:\jnuez16\CS172\FINAL_PROJECT\Island3\Island3\Debug\vc110.idb
Q:\jnuez16\CS172\FINAL_PROJECT\Island3\Island3\Debug\vc110.pdb
